<?xml version="1.0" encoding="UTF-8"?>
<!-- Generated by org.testng.reporters.JUnitReportReporter -->
<testsuite hostname="LAPTOP-DS4ESSB9" failures="0" tests="1" name="com.vtiger.compaigsTest.CreateNewCampaigsTest" time="9.660" errors="0" timestamp="2022-05-26T18:33:01 IST" skipped="0">
  <testcase classname="com.vtiger.compaigsTest.CreateNewCampaigsTest" name="createnewcampaigstest" time="9.660"/>
  <system-out/>
</testsuite> <!-- com.vtiger.compaigsTest.CreateNewCampaigsTest -->
