<?xml version="1.0" encoding="UTF-8"?>
<!-- Generated by org.testng.reporters.JUnitReportReporter -->
<testsuite hostname="LAPTOP-DS4ESSB9" failures="0" tests="3" name="com.vtiger.practice.TestNgPractice2Test" time="0.171" errors="0" timestamp="2022-05-24T10:28:13 IST" skipped="0">
  <testcase classname="com.vtiger.practice.TestNgPractice2Test" name="practice1Test" time="0.147"/>
  <system-out>
    <![CDATA[TestNgPractice2Test--> Test1]]>
  </system-out>
  <testcase classname="com.vtiger.practice.TestNgPractice2Test" name="practice3Test" time="0.009"/>
  <system-out>
    <![CDATA[TestNgPractice2Test--> Test3]]>
  </system-out>
  <testcase classname="com.vtiger.practice.TestNgPractice2Test" name="practice2Test" time="0.015"/>
  <system-out>
    <![CDATA[TestNgPractice2Test--> Test2]]>
  </system-out>
</testsuite> <!-- com.vtiger.practice.TestNgPractice2Test -->
