<?xml version="1.0" encoding="UTF-8"?>
<!-- Generated by org.testng.reporters.JUnitReportReporter -->
<testsuite hostname="LAPTOP-DS4ESSB9" failures="0" tests="1" name="com.vitger.productsTest.CreateProductFromExcelTest" time="13.667" errors="0" timestamp="2022-05-18T12:49:30 IST" skipped="0">
  <testcase classname="com.vitger.productsTest.CreateProductFromExcelTest" name="createproductfromexceltest" time="13.667"/>
  <system-out/>
</testsuite> <!-- com.vitger.productsTest.CreateProductFromExcelTest -->
