<?xml version="1.0" encoding="UTF-8"?>
<!-- Generated by org.testng.reporters.JUnitReportReporter -->
<testsuite hostname="LAPTOP-DS4ESSB9" failures="0" tests="1" name="com.vtiger.contantsTest.CreateContactFromExcel" time="13.818" errors="0" timestamp="2022-05-18T12:08:23 IST" skipped="0">
  <testcase classname="com.vtiger.contantsTest.CreateContactFromExcel" name="createContactFromExcel" time="13.818"/>
  <system-out/>
</testsuite> <!-- com.vtiger.contantsTest.CreateContactFromExcel -->
