<?xml version="1.0" encoding="UTF-8"?>
<!-- Generated by org.testng.reporters.JUnitReportReporter -->
<testsuite hostname="LAPTOP-DS4ESSB9" failures="0" tests="3" name="com.vtiger.practice.TestNgPracticeTest" time="0.009" errors="0" timestamp="2022-05-16T17:24:07 IST" skipped="0">
  <testcase classname="com.vtiger.practice.TestNgPracticeTest" name="practice1Test" time="0.006"/>
  <system-out>
    <![CDATA[TestNgPractice1Test--> Test1]]>
  </system-out>
  <testcase classname="com.vtiger.practice.TestNgPracticeTest" name="practice2Test" time="0.001"/>
  <system-out>
    <![CDATA[TestNgPractice1Test--> Test2]]>
  </system-out>
  <testcase classname="com.vtiger.practice.TestNgPracticeTest" name="practice3Test" time="0.002"/>
  <system-out>
    <![CDATA[TestNgPractice1Test--> Test3]]>
  </system-out>
</testsuite> <!-- com.vtiger.practice.TestNgPracticeTest -->
