<?xml version="1.0" encoding="UTF-8"?>
<!-- Generated by org.testng.reporters.JUnitReportReporter -->
<testsuite hostname="LAPTOP-DS4ESSB9" failures="0" tests="1" name="com.vtiger.practice.CreateContactFromExcel" time="11.893" errors="0" timestamp="2022-05-24T10:33:54 IST" skipped="0">
  <testcase classname="com.vtiger.practice.CreateContactFromExcel" name="createContactFromExcel" time="11.893"/>
  <system-out/>
</testsuite> <!-- com.vtiger.practice.CreateContactFromExcel -->
