<?xml version="1.0" encoding="UTF-8"?>
<!-- Generated by org.testng.reporters.JUnitReportReporter -->
<testsuite hostname="LAPTOP-DS4ESSB9" failures="0" tests="3" name="com.vtiger.practice.TestNgPractice1Test" time="0.022" errors="0" timestamp="2022-05-24T10:28:13 IST" skipped="0">
  <testcase classname="com.vtiger.practice.TestNgPractice1Test" name="practice2Test" time="0.007"/>
  <system-out>
    <![CDATA[TestNgPractice1Test--> Test2]]>
  </system-out>
  <testcase classname="com.vtiger.practice.TestNgPractice1Test" name="practice1Test" time="0.008"/>
  <system-out>
    <![CDATA[TestNgPractice1Test--> Test1]]>
  </system-out>
  <testcase classname="com.vtiger.practice.TestNgPractice1Test" name="practice3Test" time="0.007"/>
  <system-out>
    <![CDATA[TestNgPractice1Test--> Test3]]>
  </system-out>
</testsuite> <!-- com.vtiger.practice.TestNgPractice1Test -->
