<?xml version="1.0" encoding="UTF-8"?>
<!-- Generated by org.testng.reporters.JUnitReportReporter -->
<testsuite hostname="LAPTOP-DS4ESSB9" failures="0" tests="4" name="com.vtiger.practice.TestNgSoftAssertTest" time="0.011" errors="0" timestamp="2022-05-23T13:19:45 IST" skipped="0">
  <testcase classname="com.vtiger.practice.TestNgSoftAssertTest" name="practice3TTest" time="0.001"/>
  <system-out>
    <![CDATA[a-practice3
b-practice3
c-practice3
d-practice3
e-practice3
f-practice3]]>
  </system-out>
  <testcase classname="com.vtiger.practice.TestNgSoftAssertTest" name="practice1Test" time="0.009"/>
  <system-out>
    <![CDATA[a-practice1
b-practice1
c-practice1
d-practice1
e-practice1
f-practice1]]>
  </system-out>
  <testcase classname="com.vtiger.practice.TestNgSoftAssertTest" name="practice4TTest" time="0.001"/>
  <system-out>
    <![CDATA[a-practice4
b-practice4
c-practice4
d-practice4
e-practice4
f-practice4]]>
  </system-out>
  <testcase classname="com.vtiger.practice.TestNgSoftAssertTest" name="practice2Test" time="0.000"/>
  <system-out>
    <![CDATA[a-practice2
b-practice2
c-practice2
d-practice2
e-practice2
f-practice2]]>
  </system-out>
</testsuite> <!-- com.vtiger.practice.TestNgSoftAssertTest -->
